<?xml version="1.0" encoding="UTF-8"?>
<!-- Generated by org.testng.reporters.JUnitReportReporter -->
<testsuite hostname="DESKTOP-UD10CJI" failures="0" tests="3" name="Test_Main.TC02_AddToCart" time="15.048" errors="0" timestamp="2024-07-20T14:53:02 CEST" skipped="0">
  <testcase classname="Test_Main.TC02_AddToCart" name="cart" time="11.523"/>
  <system-out/>
  <testcase classname="Test_Main.TC02_AddToCart" name="clickCart" time="3.256"/>
  <system-out/>
  <testcase classname="Test_Main.TC02_AddToCart" name="confirm" time="0.269"/>
  <system-out/>
</testsuite> <!-- Test_Main.TC02_AddToCart -->
