<?xml version="1.0" encoding="UTF-8"?>
<!-- Generated by org.testng.reporters.JUnitReportReporter -->
<testsuite hostname="DESKTOP-UD10CJI" failures="0" tests="2" name="Test_Main.TC01_LogIn" time="4.472" errors="0" timestamp="2024-07-16T16:20:15 CEST" skipped="0">
  <testcase classname="Test_Main.TC01_LogIn" name="username" time="2.408"/>
  <system-out/>
  <testcase classname="Test_Main.TC01_LogIn" name="HomeBtn" time="2.064"/>
  <system-out/>
</testsuite> <!-- Test_Main.TC01_LogIn -->
