<?xml version="1.0" encoding="UTF-8"?>
<!-- Generated by org.testng.reporters.JUnitReportReporter -->
<testsuite hostname="DESKTOP-UD10CJI" failures="0" tests="1" name="Test_Main.TC003_MyCart" time="0.578" errors="0" timestamp="2024-07-16T02:19:02 CEST" skipped="0">
  <testcase classname="Test_Main.TC003_MyCart" name="allitems" time="0.578"/>
  <system-out/>
</testsuite> <!-- Test_Main.TC003_MyCart -->
