<?xml version="1.0" encoding="UTF-8"?>
<!-- Generated by org.testng.reporters.JUnitReportReporter -->
<testsuite hostname="DESKTOP-UD10CJI" failures="0" tests="1" name="Test_Main.TC01_LogIn" time="4.448" errors="0" timestamp="2024-07-22T17:12:18 CEST" skipped="0">
  <testcase classname="Test_Main.TC01_LogIn" name="username" time="4.448"/>
  <system-out/>
</testsuite> <!-- Test_Main.TC01_LogIn -->
