<?xml version="1.0" encoding="UTF-8"?>
<!-- Generated by org.testng.reporters.JUnitReportReporter -->
<testsuite hostname="DESKTOP-UD10CJI" failures="0" tests="1" name="selenium.pageObject.LogInPage2" time="2.298" errors="0" timestamp="2024-06-30T19:20:18 CEST" skipped="0">
  <testcase classname="selenium.pageObject.LogInPage2" name="credentials" time="2.298"/>
</testsuite> <!-- selenium.pageObject.LogInPage2 -->
