<?xml version="1.0" encoding="UTF-8"?>
<!-- Generated by org.testng.reporters.JUnitReportReporter -->
<testsuite hostname="DESKTOP-UD10CJI" failures="0" tests="2" name="Test_Main.TC001_LogIn" time="4.474" errors="0" timestamp="2024-07-16T04:11:37 CEST" skipped="0">
  <testcase classname="Test_Main.TC001_LogIn" name="username" time="2.367"/>
  <system-out/>
  <testcase classname="Test_Main.TC001_LogIn" name="HomeBtn" time="2.107"/>
  <system-out/>
</testsuite> <!-- Test_Main.TC001_LogIn -->
