<?xml version="1.0" encoding="UTF-8"?>
<!-- Generated by org.testng.reporters.JUnitReportReporter -->
<testsuite hostname="DESKTOP-UD10CJI" failures="0" tests="10" name="pageObj_Main.TC_All" time="23.349" errors="0" timestamp="2024-07-16T17:40:17 CEST" skipped="0">
  <testcase classname="pageObj_Main.TC_All" name="username" time="4.458"/>
  <system-out/>
  <testcase classname="pageObj_Main.TC_All" name="cart" time="9.222"/>
  <system-out/>
  <testcase classname="pageObj_Main.TC_All" name="clickCart" time="3.122"/>
  <system-out/>
  <testcase classname="pageObj_Main.TC_All" name="confirm" time="0.033"/>
  <system-out/>
  <testcase classname="pageObj_Main.TC_All" name="allitems" time="0.222"/>
  <system-out/>
  <testcase classname="pageObj_Main.TC_All" name="Checkout" time="2.426"/>
  <system-out/>
  <testcase classname="pageObj_Main.TC_All" name="Email" time="0.149"/>
  <system-out/>
  <testcase classname="pageObj_Main.TC_All" name="ccCard" time="0.425"/>
  <system-out/>
  <testcase classname="pageObj_Main.TC_All" name="CMonth" time="0.528"/>
  <system-out/>
  <testcase classname="pageObj_Main.TC_All" name="cardCVV" time="2.764"/>
  <system-out/>
</testsuite> <!-- pageObj_Main.TC_All -->
