<?xml version="1.0" encoding="UTF-8"?>
<!-- Generated by org.testng.reporters.JUnitReportReporter -->
<testsuite hostname="DESKTOP-UD10CJI" failures="0" tests="1" name="RahulPageObjPkg.LogInPage2" time="2.347" errors="0" timestamp="2024-07-09T15:13:22 CEST" skipped="0">
  <testcase classname="RahulPageObjPkg.LogInPage2" name="credentials" time="2.347"/>
</testsuite> <!-- RahulPageObjPkg.LogInPage2 -->
