<?xml version="1.0" encoding="UTF-8"?>
<!-- Generated by org.testng.reporters.JUnitReportReporter -->
<testsuite hostname="DESKTOP-UD10CJI" failures="0" tests="3" name="MainTestPakg.TC001_LogIn" time="4.448" errors="0" timestamp="2024-07-05T19:21:01 CEST" skipped="0">
  <testcase classname="MainTestPakg.TC001_LogIn" name="username" time="2.228"/>
  <testcase classname="MainTestPakg.TC001_LogIn" name="password" time="2.146"/>
  <testcase classname="MainTestPakg.TC001_LogIn" name="log" time="0.074"/>
</testsuite> <!-- MainTestPakg.TC001_LogIn -->
