<?xml version="1.0" encoding="UTF-8"?>
<!-- Generated by org.testng.reporters.JUnitReportReporter -->
<testsuite hostname="DESKTOP-UD10CJI" failures="0" tests="2" name="Test_Main.TC03_MyCart" time="3.085" errors="0" timestamp="2024-07-22T03:27:45 CEST" skipped="0">
  <testcase classname="Test_Main.TC03_MyCart" name="login" time="2.418"/>
  <system-out/>
  <testcase classname="Test_Main.TC03_MyCart" name="allitems" time="0.667"/>
  <system-out/>
</testsuite> <!-- Test_Main.TC03_MyCart -->
