<?xml version="1.0" encoding="UTF-8"?>
<!-- Generated by org.testng.reporters.JUnitReportReporter -->
<testsuite hostname="DESKTOP-UD10CJI" failures="0" tests="1" name="Test_Main.TC01_LogIn" time="2.109" errors="0" timestamp="2024-07-20T14:55:52 CEST" skipped="0">
  <testcase classname="Test_Main.TC01_LogIn" name="HomeBtn" time="2.109"/>
  <system-out/>
</testsuite> <!-- Test_Main.TC01_LogIn -->
