<?xml version="1.0" encoding="UTF-8"?>
<!-- Generated by org.testng.reporters.JUnitReportReporter -->
<testsuite hostname="DESKTOP-UD10CJI" failures="0" tests="3" name="Test_Main.TC02_AddToCart" time="12.792" errors="0" timestamp="2024-07-22T01:55:34 CEST" skipped="0">
  <testcase classname="Test_Main.TC02_AddToCart" name="login" time="2.521"/>
  <system-out/>
  <testcase classname="Test_Main.TC02_AddToCart" name="searchietm" time="0.314"/>
  <system-out/>
  <testcase classname="Test_Main.TC02_AddToCart" name="cart" time="9.957"/>
  <system-out/>
</testsuite> <!-- Test_Main.TC02_AddToCart -->
