<?xml version="1.0" encoding="UTF-8"?>
<!-- Generated by org.testng.reporters.JUnitReportReporter -->
<testsuite hostname="DESKTOP-UD10CJI" failures="0" tests="10" name="pageObj_Main.TC_All" time="23.336" errors="0" timestamp="2024-07-16T04:12:33 CEST" skipped="0">
  <testcase classname="pageObj_Main.TC_All" name="username" time="4.410"/>
  <system-out/>
  <testcase classname="pageObj_Main.TC_All" name="cart" time="9.371"/>
  <system-out/>
  <testcase classname="pageObj_Main.TC_All" name="clickCart" time="3.112"/>
  <system-out/>
  <testcase classname="pageObj_Main.TC_All" name="confirm" time="0.033"/>
  <system-out/>
  <testcase classname="pageObj_Main.TC_All" name="allitems" time="0.178"/>
  <system-out/>
  <testcase classname="pageObj_Main.TC_All" name="Checkout" time="2.435"/>
  <system-out/>
  <testcase classname="pageObj_Main.TC_All" name="Email" time="0.155"/>
  <system-out/>
  <testcase classname="pageObj_Main.TC_All" name="ccCard" time="0.406"/>
  <system-out/>
  <testcase classname="pageObj_Main.TC_All" name="CMonth" time="0.504"/>
  <system-out/>
  <testcase classname="pageObj_Main.TC_All" name="cardCVV" time="2.732"/>
  <system-out/>
</testsuite> <!-- pageObj_Main.TC_All -->
