<?xml version="1.0" encoding="UTF-8"?>
<!-- Generated by org.testng.reporters.JUnitReportReporter -->
<testsuite hostname="DESKTOP-UD10CJI" failures="0" tests="1" name="Test_Main.TC01_LogIn" time="2.458" errors="0" timestamp="2024-07-22T23:59:24 CEST" skipped="0">
  <testcase classname="Test_Main.TC01_LogIn" name="username" time="2.458"/>
  <system-out/>
</testsuite> <!-- Test_Main.TC01_LogIn -->
