<?xml version="1.0" encoding="UTF-8"?>
<!-- Generated by org.testng.reporters.JUnitReportReporter -->
<testsuite hostname="DESKTOP-UD10CJI" failures="0" tests="1" name="Test_Main.TC03_MyCart" time="0.600" errors="0" timestamp="2024-07-20T14:57:34 CEST" skipped="0">
  <testcase classname="Test_Main.TC03_MyCart" name="allitems" time="0.600"/>
  <system-out/>
</testsuite> <!-- Test_Main.TC03_MyCart -->
