<?xml version="1.0" encoding="UTF-8"?>
<!-- Generated by org.testng.reporters.JUnitReportReporter -->
<testsuite hostname="DESKTOP-UD10CJI" failures="0" tests="3" name="Test_Main.TC02_AddToCart" time="14.425" errors="0" timestamp="2024-07-22T22:50:05 CEST" skipped="0">
  <testcase classname="Test_Main.TC02_AddToCart" name="login" time="2.543"/>
  <system-out/>
  <testcase classname="Test_Main.TC02_AddToCart" name="searchietm" time="2.218"/>
  <system-out/>
  <testcase classname="Test_Main.TC02_AddToCart" name="cart" time="9.664"/>
  <system-out/>
</testsuite> <!-- Test_Main.TC02_AddToCart -->
