<?xml version="1.0" encoding="UTF-8"?>
<!-- Generated by org.testng.reporters.JUnitReportReporter -->
<testsuite hostname="DESKTOP-UD10CJI" failures="0" tests="11" name="pageObj_Main.TC_All" time="28.027" errors="0" timestamp="2024-07-20T14:36:26 CEST" skipped="0">
  <testcase classname="pageObj_Main.TC_All" name="username" time="5.405"/>
  <system-out/>
  <testcase classname="pageObj_Main.TC_All" name="cart" time="9.897"/>
  <system-out/>
  <testcase classname="pageObj_Main.TC_All" name="clickCart" time="3.168"/>
  <system-out/>
  <testcase classname="pageObj_Main.TC_All" name="confirm" time="0.059"/>
  <system-out/>
  <testcase classname="pageObj_Main.TC_All" name="allitems" time="0.185"/>
  <system-out/>
  <testcase classname="pageObj_Main.TC_All" name="Checkout" time="2.402"/>
  <system-out/>
  <testcase classname="pageObj_Main.TC_All" name="Email" time="0.287"/>
  <system-out/>
  <testcase classname="pageObj_Main.TC_All" name="ccCard" time="0.661"/>
  <system-out/>
  <testcase classname="pageObj_Main.TC_All" name="CMonth" time="1.055"/>
  <system-out/>
  <testcase classname="pageObj_Main.TC_All" name="cardCVV" time="1.863"/>
  <system-out/>
  <testcase classname="pageObj_Main.TC_All" name="orderConfirm" time="3.045"/>
  <system-out/>
</testsuite> <!-- pageObj_Main.TC_All -->
