<?xml version="1.0" encoding="UTF-8"?>
<!-- Generated by org.testng.reporters.JUnitReportReporter -->
<testsuite hostname="DESKTOP-UD10CJI" failures="0" tests="2" name="Test_Main.TC001_LogIn" time="4.391" errors="0" timestamp="2024-07-16T04:17:00 CEST" skipped="0">
  <testcase classname="Test_Main.TC001_LogIn" name="username" time="2.346"/>
  <testcase classname="Test_Main.TC001_LogIn" name="HomeBtn" time="2.045"/>
</testsuite> <!-- Test_Main.TC001_LogIn -->
