<?xml version="1.0" encoding="UTF-8"?>
<!-- Generated by org.testng.reporters.JUnitReportReporter -->
<testsuite hostname="DESKTOP-UD10CJI" failures="0" tests="1" name="Test_Main.TC01_LogIn" time="2.480" errors="0" timestamp="2024-07-23T00:07:12 CEST" skipped="0">
  <testcase classname="Test_Main.TC01_LogIn" name="username" time="2.480"/>
</testsuite> <!-- Test_Main.TC01_LogIn -->
