<?xml version="1.0" encoding="UTF-8"?>
<!-- Generated by org.testng.reporters.JUnitReportReporter -->
<testsuite hostname="DESKTOP-UD10CJI" failures="0" tests="11" name="pageObj_Main.TC_All" time="25.473" errors="0" timestamp="2024-07-18T13:55:17 CEST" skipped="0">
  <testcase classname="pageObj_Main.TC_All" name="username" time="4.476"/>
  <testcase classname="pageObj_Main.TC_All" name="cart" time="9.233"/>
  <testcase classname="pageObj_Main.TC_All" name="clickCart" time="3.089"/>
  <testcase classname="pageObj_Main.TC_All" name="confirm" time="0.031"/>
  <testcase classname="pageObj_Main.TC_All" name="allitems" time="0.219"/>
  <testcase classname="pageObj_Main.TC_All" name="Checkout" time="2.433"/>
  <testcase classname="pageObj_Main.TC_All" name="Email" time="0.170"/>
  <testcase classname="pageObj_Main.TC_All" name="ccCard" time="0.466"/>
  <testcase classname="pageObj_Main.TC_All" name="CMonth" time="0.592"/>
  <testcase classname="pageObj_Main.TC_All" name="cardCVV" time="1.699"/>
  <testcase classname="pageObj_Main.TC_All" name="orderConfirm" time="3.065"/>
</testsuite> <!-- pageObj_Main.TC_All -->
