<?xml version="1.0" encoding="UTF-8"?>
<!-- Generated by org.testng.reporters.JUnitReportReporter -->
<testsuite hostname="DESKTOP-UD10CJI" failures="0" tests="10" name="pageObj_Main.TC_All" time="23.215" errors="0" timestamp="2024-07-16T04:17:00 CEST" skipped="0">
  <testcase classname="pageObj_Main.TC_All" name="username" time="4.404"/>
  <testcase classname="pageObj_Main.TC_All" name="cart" time="9.197"/>
  <testcase classname="pageObj_Main.TC_All" name="clickCart" time="3.109"/>
  <testcase classname="pageObj_Main.TC_All" name="confirm" time="0.030"/>
  <testcase classname="pageObj_Main.TC_All" name="allitems" time="0.173"/>
  <testcase classname="pageObj_Main.TC_All" name="Checkout" time="2.447"/>
  <testcase classname="pageObj_Main.TC_All" name="Email" time="0.183"/>
  <testcase classname="pageObj_Main.TC_All" name="ccCard" time="0.433"/>
  <testcase classname="pageObj_Main.TC_All" name="CMonth" time="0.552"/>
  <testcase classname="pageObj_Main.TC_All" name="cardCVV" time="2.687"/>
</testsuite> <!-- pageObj_Main.TC_All -->
