<?xml version="1.0" encoding="UTF-8"?>
<!-- Generated by org.testng.reporters.JUnitReportReporter -->
<testsuite hostname="DESKTOP-UD10CJI" failures="0" tests="11" name="pageObj_Main.TC_All" time="25.841" errors="0" timestamp="2024-07-17T17:20:53 CEST" skipped="0">
  <testcase classname="pageObj_Main.TC_All" name="username" time="4.413"/>
  <testcase classname="pageObj_Main.TC_All" name="cart" time="9.453"/>
  <testcase classname="pageObj_Main.TC_All" name="clickCart" time="3.143"/>
  <testcase classname="pageObj_Main.TC_All" name="confirm" time="0.034"/>
  <testcase classname="pageObj_Main.TC_All" name="allitems" time="0.248"/>
  <testcase classname="pageObj_Main.TC_All" name="Checkout" time="2.429"/>
  <testcase classname="pageObj_Main.TC_All" name="Email" time="0.246"/>
  <testcase classname="pageObj_Main.TC_All" name="ccCard" time="0.489"/>
  <testcase classname="pageObj_Main.TC_All" name="CMonth" time="0.613"/>
  <testcase classname="pageObj_Main.TC_All" name="cardCVV" time="1.718"/>
  <testcase classname="pageObj_Main.TC_All" name="orderConfirm" time="3.055"/>
</testsuite> <!-- pageObj_Main.TC_All -->
