<?xml version="1.0" encoding="UTF-8"?>
<!-- Generated by org.testng.reporters.JUnitReportReporter -->
<testsuite hostname="DESKTOP-UD10CJI" failures="0" tests="11" name="pageObj_Main.TC_All" time="26.373" errors="0" timestamp="2024-07-18T03:31:53 CEST" skipped="0">
  <testcase classname="pageObj_Main.TC_All" name="username" time="4.943"/>
  <testcase classname="pageObj_Main.TC_All" name="cart" time="9.410"/>
  <testcase classname="pageObj_Main.TC_All" name="clickCart" time="3.165"/>
  <testcase classname="pageObj_Main.TC_All" name="confirm" time="0.034"/>
  <testcase classname="pageObj_Main.TC_All" name="allitems" time="0.251"/>
  <testcase classname="pageObj_Main.TC_All" name="Checkout" time="2.457"/>
  <testcase classname="pageObj_Main.TC_All" name="Email" time="0.178"/>
  <testcase classname="pageObj_Main.TC_All" name="ccCard" time="0.485"/>
  <testcase classname="pageObj_Main.TC_All" name="CMonth" time="0.608"/>
  <testcase classname="pageObj_Main.TC_All" name="cardCVV" time="1.761"/>
  <testcase classname="pageObj_Main.TC_All" name="orderConfirm" time="3.081"/>
</testsuite> <!-- pageObj_Main.TC_All -->
