<?xml version="1.0" encoding="UTF-8"?>
<!-- Generated by org.testng.reporters.JUnitReportReporter -->
<testsuite hostname="DESKTOP-UD10CJI" failures="0" tests="2" name="Test_Main.TC01_LogIn" time="4.490" errors="0" timestamp="2024-07-18T13:55:17 CEST" skipped="0">
  <testcase classname="Test_Main.TC01_LogIn" name="username" time="2.388"/>
  <testcase classname="Test_Main.TC01_LogIn" name="HomeBtn" time="2.102"/>
</testsuite> <!-- Test_Main.TC01_LogIn -->
